2026-04-03 10:00:01 | INFO | User logged in
2026-04-03 10:01:12 | ERROR | Payment failed
2026-04-03 10:02:45 | INFO | Request processed
2026-04-04 00:00:53 | WARNING | User logged in
2026-04-04 00:00:53 | WARNING | Payment successful
2026-04-04 00:00:53 | WARNING | Request processed
2026-04-04 00:00:53 | INFO | Request processed
2026-04-04 00:00:53 | WARNING | File uploaded
2026-04-04 00:00:53 | WARNING | User logged in
2026-04-04 00:00:53 | INFO | File uploaded
2026-04-04 00:00:53 | WARNING | Database updated
2026-04-04 00:00:53 | INFO | Payment successful
2026-04-04 00:00:53 | INFO | Database updated
2026-04-04 00:00:53 | ERROR | Unauthorized access attempt
2026-04-04 00:00:53 | WARNING | User logged in
2026-04-04 00:00:53 | ERROR | System crash imminent
2026-04-04 00:00:53 | ERROR | System crash imminent
2026-04-04 00:00:53 | INFO | Cache cleared
2026-04-04 00:00:53 | WARNING | Database updated
2026-04-04 00:00:53 | WARNING | Page loaded
2026-04-04 00:00:53 | WARNING | Payment successful
2026-04-04 00:00:53 | WARNING | Request processed
2026-04-04 00:00:53 | ERROR | Server overload detected
2026-04-04 00:00:53 | INFO | Payment successful
2026-04-04 00:00:53 | WARNING | Page loaded
2026-04-04 00:00:53 | INFO | User logged in
2026-04-04 00:00:53 | WARNING | Cache cleared
2026-04-04 00:00:53 | ERROR | Multiple payment failures detected
2026-04-04 00:00:53 | WARNING | Request processed
2026-04-04 00:00:53 | INFO | File uploaded
2026-04-04 00:00:53 | INFO | Page loaded
2026-04-04 00:00:53 | INFO | Payment successful
2026-04-04 00:00:53 | INFO | Page loaded
2026-04-04 00:00:53 | WARNING | Payment successful
2026-04-04 00:00:53 | INFO | Cache cleared
2026-04-04 00:00:53 | ERROR | CRITICAL FAILURE ERROR ERROR
2026-04-04 00:00:53 | WARNING | File uploaded
2026-04-04 00:00:53 | INFO | Page loaded
2026-04-04 00:00:53 | INFO | Database updated
2026-04-04 00:00:53 | INFO | Cache cleared
2026-04-04 00:00:53 | INFO | Payment successful
2026-04-04 00:00:53 | INFO | Page loaded
2026-04-04 00:00:53 | INFO | Database updated
2026-04-04 00:00:53 | INFO | File uploaded
2026-04-04 00:00:53 | WARNING | Page loaded
2026-04-04 00:00:53 | INFO | Payment successful
2026-04-04 00:00:53 | WARNING | Payment successful
2026-04-04 00:00:53 | WARNING | File uploaded
2026-04-04 00:00:53 | WARNING | User logged in
2026-04-04 00:00:53 | ERROR | Disk failure critical
2026-04-04 00:00:53 | WARNING | Request processed
2026-04-04 00:00:53 | INFO | User logged in
2026-04-04 00:00:53 | ERROR | Multiple payment failures detected
2026-04-04 00:00:53 | ERROR | System crash imminent
2026-04-04 00:00:53 | INFO | Database updated
2026-04-04 00:00:53 | WARNING | User logged in
2026-04-04 00:00:53 | WARNING | Request processed
2026-04-04 00:00:53 | INFO | Payment successful
2026-04-04 00:00:53 | INFO | File uploaded
2026-04-04 00:00:53 | WARNING | File uploaded
2026-04-04 00:00:53 | INFO | Cache cleared
2026-04-04 00:00:53 | ERROR | Disk failure critical
2026-04-04 00:00:53 | WARNING | Cache cleared
2026-04-04 00:00:53 | ERROR | Multiple payment failures detected
2026-04-04 00:00:53 | WARNING | User logged in
2026-04-04 00:00:53 | INFO | Request processed
2026-04-04 00:00:53 | WARNING | Page loaded
2026-04-04 00:00:53 | ERROR | Disk failure critical
2026-04-04 00:00:53 | WARNING | Page loaded
2026-04-04 00:00:53 | ERROR | Multiple payment failures detected
2026-04-04 00:00:53 | WARNING | User logged in
2026-04-04 00:00:53 | WARNING | Payment successful
2026-04-04 00:00:53 | INFO | User logged in
2026-04-04 00:00:53 | INFO | Request processed
2026-04-04 00:00:53 | INFO | Request processed
2026-04-04 00:00:53 | INFO | Page loaded
2026-04-04 00:00:53 | WARNING | File uploaded
2026-04-04 00:00:53 | WARNING | Request processed
2026-04-04 00:00:53 | ERROR | Multiple payment failures detected
2026-04-04 00:00:53 | ERROR | System crash imminent
2026-04-04 00:00:53 | WARNING | Page loaded
2026-04-04 00:00:53 | WARNING | Cache cleared
2026-04-04 00:00:53 | WARNING | Request processed
2026-04-04 00:00:53 | WARNING | File uploaded
2026-04-04 00:00:53 | WARNING | Database updated
2026-04-04 00:00:53 | WARNING | User logged in
2026-04-04 00:00:53 | ERROR | Unauthorized access attempt
2026-04-04 00:00:53 | ERROR | CRITICAL FAILURE ERROR ERROR
2026-04-04 00:00:53 | INFO | Page loaded
2026-04-04 00:00:53 | INFO | Request processed
2026-04-04 00:00:53 | INFO | Payment successful
2026-04-04 00:00:53 | ERROR | Disk failure critical
2026-04-04 00:00:53 | WARNING | User logged in
2026-04-04 00:00:53 | INFO | User logged in
2026-04-04 00:00:53 | WARNING | Page loaded
2026-04-04 00:00:53 | INFO | Payment successful
2026-04-04 00:00:53 | ERROR | Disk failure critical
2026-04-04 00:00:53 | INFO | Page loaded
2026-04-04 00:00:53 | WARNING | Payment successful
2026-04-04 00:00:53 | INFO | User logged in
2026-04-04 00:00:53 | INFO | Request processed
2026-04-04 00:00:53 | WARNING | User logged in
2026-04-04 00:00:53 | WARNING | Request processed
